<?xml version="1.0" encoding="UTF-8"?>
<testsuites name="Test Suite 2" time="10.409" tests="1" failures="0" errors="0">
   <testsuite name="Test Suite 2" tests="1" failures="0" errors="0" time="10.409" skipped="0" timestamp="2023-09-24 12:53:06" hostname="Rajesh Kumar - DESKTOP-UEII9H8" id="Test Suites/Test Suite 2">
      <properties>
         <property name="deviceName" value=""/>
         <property name="devicePlatform" value=""/>
         <property name="logFolder" value="C:\\Users\\Rajesh Kumar\\git\\katalon-practise\\Reports\\20230924_125250\\Test Suite 2\\20230924_125253"/>
         <property name="logFiles" value="C:\\Users\\Rajesh Kumar\\git\\katalon-practise\\Reports\\20230924_125250\\Test Suite 2\\20230924_125253\\execution0.log"/>
         <property name="attachments" value=""/>
         <property name="hostName" value="Rajesh Kumar - DESKTOP-UEII9H8"/>
         <property name="os" value="Windows 11 64bit"/>
         <property name="katalonVersion" value="8.6.8.208"/>
         <property name="browser" value="Chrome 116.0.0.0"/>
         <property name="hostAddress" value="192.168.29.189"/>
         <property name="sessionId" value="7157b4cefb911e33023c61979083b138"/>
         <property name="seleniumVersion" value="3.141.59"/>
         <property name="proxyInformation" value="ProxyInformation { proxyOption=NO_PROXY, proxyServerType=HTTP, username=, password=********, proxyServerAddress=, proxyServerPort=0, executionList=&quot;&quot;, isApplyToDesiredCapabilities=true }"/>
         <property name="platform" value="Windows 11"/>
      </properties>
      <testcase name="Test Cases/02 Test Case Proxima Centuri" time="10.217" classname="Test Cases/02 Test Case Proxima Centuri" status="PASSED">
         <system-out><![CDATA[2023-09-24 12:53:06 - [TEST_CASE][PASSED] - Test Cases/02 Test Case Proxima Centuri: Test Cases/02 Test Case Proxima Centuri

2023-09-24 12:53:06 - [TEST_STEP][PASSED] - openBrowser("https://www.google.com/"): Browser is opened with url: 'https://www.google.com/'

2023-09-24 12:53:06 - [MESSAGE][INFO] - Starting 'Chrome' driver

2023-09-24 12:53:07 - [MESSAGE][INFO] - Action delay is set to 0 milliseconds

2023-09-24 12:53:12 - [MESSAGE][PASSED] - Browser is opened with url: 'https://www.google.com/'

2023-09-24 12:53:12 - [TEST_STEP][PASSED] - sendKeys(findTestObject("Search Test Object"), "Proxima Centauri Wikipedia"): Keys 'Proxima Centauri Wikipedia' sent to object: 'Object Repository/Search Test Object'

2023-09-24 12:53:12 - [MESSAGE][PASSED] - Keys 'Proxima Centauri Wikipedia' sent to object: 'Object Repository/Search Test Object'

2023-09-24 12:53:12 - [TEST_STEP][PASSED] - sendKeys(findTestObject("Search Test Object"), Keys.chord(ENTER)): Keys 'ENTER + ' sent to object: 'Object Repository/Search Test Object'

2023-09-24 12:53:13 - [MESSAGE][PASSED] - Keys 'ENTER + ' sent to object: 'Object Repository/Search Test Object'

2023-09-24 12:53:13 - [TEST_STEP][PASSED] - click(findTestObject("Sun Test Object")): Object: 'Object Repository/Sun Test Object' is clicked on

2023-09-24 12:53:16 - [MESSAGE][PASSED] - Object: 'Object Repository/Sun Test Object' is clicked on

2023-09-24 12:53:16 - [TEST_STEP][PASSED] - closeBrowser(): Browser is closed

2023-09-24 12:53:16 - [MESSAGE][PASSED] - Browser is closed]]></system-out>
         <system-err><![CDATA[]]></system-err>
      </testcase>
      <system-out><![CDATA[2023-09-24 12:53:06 - [TEST_SUITE][PASSED] - Test Suite 2: Test Cases/02 Test Case Proxima Centuri]]></system-out>
      <system-err><![CDATA[]]></system-err>
   </testsuite>
</testsuites>
