<?xml version="1.0" encoding="UTF-8"?>
<testsuites name="Test Suite Collection 2" time="37.215" tests="2" failures="0" errors="0">
   <testsuite name="Test Suite 3" tests="1" failures="0" errors="0" time="8.911" skipped="0" timestamp="2023-09-24 18:41:12" hostname="Rajesh Kumar - DESKTOP-UEII9H8" id="Test Suites/Test Suite 3">
      <properties>
         <property name="deviceName" value=""/>
         <property name="devicePlatform" value=""/>
         <property name="logFolder" value="C:\\Users\\Rajesh Kumar\\git\\katalon-practise\\Reports\\20230924_184102\\Test Suite 3\\20230924_184103"/>
         <property name="logFiles" value="C:\\Users\\Rajesh Kumar\\git\\katalon-practise\\Reports\\20230924_184102\\Test Suite 3\\20230924_184103\\execution0.log"/>
         <property name="attachments" value=""/>
         <property name="hostName" value="Rajesh Kumar - DESKTOP-UEII9H8"/>
         <property name="os" value="Windows 11 64bit"/>
         <property name="katalonVersion" value="8.6.8.208"/>
         <property name="browser" value="Chrome 116.0.0.0"/>
         <property name="hostAddress" value="192.168.29.189"/>
         <property name="sessionId" value="85183d08592189022d2295da0230b4d0"/>
         <property name="seleniumVersion" value="3.141.59"/>
         <property name="proxyInformation" value="ProxyInformation { proxyOption=NO_PROXY, proxyServerType=HTTP, username=, password=********, proxyServerAddress=, proxyServerPort=0, executionList=&quot;&quot;, isApplyToDesiredCapabilities=true }"/>
         <property name="platform" value="Windows 11"/>
      </properties>
      <testcase name="Test Cases/03 Test Case Taj Mahal" time="8.698" classname="Test Cases/03 Test Case Taj Mahal" status="PASSED">
         <system-out><![CDATA[2023-09-24 18:41:12 - [TEST_CASE][PASSED] - Test Cases/03 Test Case Taj Mahal: Test Cases/03 Test Case Taj Mahal

2023-09-24 18:41:12 - [TEST_STEP][PASSED] - openBrowser("https://www.google.com/"): Browser is opened with url: 'https://www.google.com/'

2023-09-24 18:41:12 - [MESSAGE][INFO] - Starting 'Chrome' driver

2023-09-24 18:41:12 - [MESSAGE][INFO] - Action delay is set to 0 milliseconds

2023-09-24 18:41:16 - [MESSAGE][PASSED] - Browser is opened with url: 'https://www.google.com/'

2023-09-24 18:41:16 - [TEST_STEP][PASSED] - sendKeys(findTestObject("Search Test Object"), "Taj Mahal Wikipedia"): Keys 'Taj Mahal Wikipedia' sent to object: 'Object Repository/Search Test Object'

2023-09-24 18:41:17 - [MESSAGE][PASSED] - Keys 'Taj Mahal Wikipedia' sent to object: 'Object Repository/Search Test Object'

2023-09-24 18:41:17 - [TEST_STEP][PASSED] - sendKeys(findTestObject("Search Test Object"), Keys.chord(ENTER)): Keys 'ENTER + ' sent to object: 'Object Repository/Search Test Object'

2023-09-24 18:41:17 - [MESSAGE][PASSED] - Keys 'ENTER + ' sent to object: 'Object Repository/Search Test Object'

2023-09-24 18:41:17 - [TEST_STEP][PASSED] - click(findTestObject("Sun Test Object")): Object: 'Object Repository/Sun Test Object' is clicked on

2023-09-24 18:41:20 - [MESSAGE][PASSED] - Object: 'Object Repository/Sun Test Object' is clicked on

2023-09-24 18:41:20 - [TEST_STEP][PASSED] - closeBrowser(): Browser is closed

2023-09-24 18:41:21 - [MESSAGE][PASSED] - Browser is closed]]></system-out>
         <system-err><![CDATA[]]></system-err>
      </testcase>
      <system-out><![CDATA[2023-09-24 18:41:12 - [TEST_SUITE][PASSED] - Test Suite 3: Test Cases/03 Test Case Taj Mahal]]></system-out>
      <system-err><![CDATA[]]></system-err>
   </testsuite>
   <testsuite name="Test Suite 4" tests="1" failures="0" errors="0" time="9.341" skipped="0" timestamp="2023-09-24 18:41:32" hostname="Rajesh Kumar - DESKTOP-UEII9H8" id="Test Suites/Test Suite 4">
      <properties>
         <property name="deviceName" value=""/>
         <property name="devicePlatform" value=""/>
         <property name="logFolder" value="C:\\Users\\Rajesh Kumar\\git\\katalon-practise\\Reports\\20230924_184102\\Test Suite 4\\20230924_184105"/>
         <property name="logFiles" value="C:\\Users\\Rajesh Kumar\\git\\katalon-practise\\Reports\\20230924_184102\\Test Suite 4\\20230924_184105\\execution0.log"/>
         <property name="attachments" value=""/>
         <property name="hostName" value="Rajesh Kumar - DESKTOP-UEII9H8"/>
         <property name="os" value="Windows 11 64bit"/>
         <property name="katalonVersion" value="8.6.8.208"/>
         <property name="browser" value="Chrome 116.0.0.0"/>
         <property name="hostAddress" value="192.168.29.189"/>
         <property name="sessionId" value="e0657fedb20ac66636b4e00993d77b2e"/>
         <property name="seleniumVersion" value="3.141.59"/>
         <property name="proxyInformation" value="ProxyInformation { proxyOption=NO_PROXY, proxyServerType=HTTP, username=, password=********, proxyServerAddress=, proxyServerPort=0, executionList=&quot;&quot;, isApplyToDesiredCapabilities=true }"/>
         <property name="platform" value="Windows 11"/>
      </properties>
      <testcase name="Test Cases/04 Test Case India Gate" time="9.132" classname="Test Cases/04 Test Case India Gate" status="PASSED">
         <system-out><![CDATA[2023-09-24 18:41:32 - [TEST_CASE][PASSED] - Test Cases/04 Test Case India Gate: Test Cases/04 Test Case India Gate

2023-09-24 18:41:32 - [TEST_STEP][PASSED] - openBrowser("https://www.google.com/"): Browser is opened with url: 'https://www.google.com/'

2023-09-24 18:41:32 - [MESSAGE][INFO] - Starting 'Chrome' driver

2023-09-24 18:41:33 - [MESSAGE][INFO] - Action delay is set to 0 milliseconds

2023-09-24 18:41:37 - [MESSAGE][PASSED] - Browser is opened with url: 'https://www.google.com/'

2023-09-24 18:41:37 - [TEST_STEP][PASSED] - sendKeys(findTestObject("Search Test Object"), "India Gate Wikipedia"): Keys 'India Gate Wikipedia' sent to object: 'Object Repository/Search Test Object'

2023-09-24 18:41:37 - [MESSAGE][PASSED] - Keys 'India Gate Wikipedia' sent to object: 'Object Repository/Search Test Object'

2023-09-24 18:41:37 - [TEST_STEP][PASSED] - sendKeys(findTestObject("Search Test Object"), Keys.chord(ENTER)): Keys 'ENTER + ' sent to object: 'Object Repository/Search Test Object'

2023-09-24 18:41:38 - [MESSAGE][PASSED] - Keys 'ENTER + ' sent to object: 'Object Repository/Search Test Object'

2023-09-24 18:41:38 - [TEST_STEP][PASSED] - click(findTestObject("Sun Test Object")): Object: 'Object Repository/Sun Test Object' is clicked on

2023-09-24 18:41:40 - [MESSAGE][PASSED] - Object: 'Object Repository/Sun Test Object' is clicked on

2023-09-24 18:41:40 - [TEST_STEP][PASSED] - closeBrowser(): Browser is closed

2023-09-24 18:41:41 - [MESSAGE][PASSED] - Browser is closed]]></system-out>
         <system-err><![CDATA[]]></system-err>
      </testcase>
      <system-out><![CDATA[2023-09-24 18:41:32 - [TEST_SUITE][PASSED] - Test Suite 4: Test Cases/04 Test Case India Gate]]></system-out>
      <system-err><![CDATA[]]></system-err>
   </testsuite>
</testsuites>
