<?xml version="1.0" encoding="UTF-8"?>
<testsuites name="Test Suite Collection 1" time="22.626" tests="2" failures="0" errors="0">
   <testsuite name="Test Suite 1" tests="1" failures="0" errors="0" time="8.514" skipped="0" timestamp="2023-09-24 12:52:04" hostname="Rajesh Kumar - DESKTOP-UEII9H8" id="Test Suites/Test Suite 1">
      <properties>
         <property name="deviceName" value=""/>
         <property name="devicePlatform" value=""/>
         <property name="logFolder" value="C:\\Users\\Rajesh Kumar\\git\\katalon-practise\\Reports\\20230924_125157\\Test Suite 1\\20230924_125158"/>
         <property name="logFiles" value="C:\\Users\\Rajesh Kumar\\git\\katalon-practise\\Reports\\20230924_125157\\Test Suite 1\\20230924_125158\\execution0.log"/>
         <property name="attachments" value=""/>
         <property name="hostName" value="Rajesh Kumar - DESKTOP-UEII9H8"/>
         <property name="os" value="Windows 11 64bit"/>
         <property name="katalonVersion" value="8.6.8.208"/>
         <property name="browser" value="Chrome 116.0.0.0"/>
         <property name="hostAddress" value="192.168.29.189"/>
         <property name="sessionId" value="17c8c9cbfb18d612ddc1a9a7bd7e0cdd"/>
         <property name="seleniumVersion" value="3.141.59"/>
         <property name="proxyInformation" value="ProxyInformation { proxyOption=NO_PROXY, proxyServerType=HTTP, username=, password=********, proxyServerAddress=, proxyServerPort=0, executionList=&quot;&quot;, isApplyToDesiredCapabilities=true }"/>
         <property name="platform" value="Windows 11"/>
      </properties>
      <testcase name="Test Cases/01 Test Case Sun" time="8.294" classname="Test Cases/01 Test Case Sun" status="PASSED">
         <system-out><![CDATA[2023-09-24 12:52:04 - [TEST_CASE][PASSED] - Test Cases/01 Test Case Sun: Test Cases/01 Test Case Sun

2023-09-24 12:52:04 - [TEST_STEP][PASSED] - openBrowser("https://www.google.com/"): Browser is opened with url: 'https://www.google.com/'

2023-09-24 12:52:04 - [MESSAGE][INFO] - Starting 'Chrome' driver

2023-09-24 12:52:05 - [MESSAGE][INFO] - Action delay is set to 0 milliseconds

2023-09-24 12:52:08 - [MESSAGE][PASSED] - Browser is opened with url: 'https://www.google.com/'

2023-09-24 12:52:08 - [TEST_STEP][PASSED] - sendKeys(findTestObject("Search Test Object"), "Sun Wikipedia"): Keys 'Sun Wikipedia' sent to object: 'Object Repository/Search Test Object'

2023-09-24 12:52:09 - [MESSAGE][PASSED] - Keys 'Sun Wikipedia' sent to object: 'Object Repository/Search Test Object'

2023-09-24 12:52:09 - [TEST_STEP][PASSED] - sendKeys(findTestObject("Search Test Object"), Keys.chord(ENTER)): Keys 'ENTER + ' sent to object: 'Object Repository/Search Test Object'

2023-09-24 12:52:10 - [MESSAGE][PASSED] - Keys 'ENTER + ' sent to object: 'Object Repository/Search Test Object'

2023-09-24 12:52:10 - [TEST_STEP][PASSED] - click(findTestObject("Sun Test Object")): Object: 'Object Repository/Sun Test Object' is clicked on

2023-09-24 12:52:12 - [MESSAGE][PASSED] - Object: 'Object Repository/Sun Test Object' is clicked on

2023-09-24 12:52:12 - [TEST_STEP][PASSED] - closeBrowser(): Browser is closed

2023-09-24 12:52:12 - [MESSAGE][PASSED] - Browser is closed]]></system-out>
         <system-err><![CDATA[]]></system-err>
      </testcase>
      <system-out><![CDATA[2023-09-24 12:52:04 - [TEST_SUITE][PASSED] - Test Suite 1: Test Cases/01 Test Case Sun]]></system-out>
      <system-err><![CDATA[]]></system-err>
   </testsuite>
   <testsuite name="Test Suite 2" tests="1" failures="0" errors="0" time="9.632" skipped="0" timestamp="2023-09-24 12:52:15" hostname="Rajesh Kumar - DESKTOP-UEII9H8" id="Test Suites/Test Suite 2">
      <properties>
         <property name="deviceName" value=""/>
         <property name="devicePlatform" value=""/>
         <property name="logFolder" value="C:\\Users\\Rajesh Kumar\\git\\katalon-practise\\Reports\\20230924_125157\\Test Suite 2\\20230924_125200"/>
         <property name="logFiles" value="C:\\Users\\Rajesh Kumar\\git\\katalon-practise\\Reports\\20230924_125157\\Test Suite 2\\20230924_125200\\execution0.log"/>
         <property name="attachments" value=""/>
         <property name="hostName" value="Rajesh Kumar - DESKTOP-UEII9H8"/>
         <property name="os" value="Windows 11 64bit"/>
         <property name="katalonVersion" value="8.6.8.208"/>
         <property name="browser" value="Chrome 116.0.0.0"/>
         <property name="hostAddress" value="192.168.29.189"/>
         <property name="sessionId" value="76423a6f24b0b85179313305d952df76"/>
         <property name="seleniumVersion" value="3.141.59"/>
         <property name="proxyInformation" value="ProxyInformation { proxyOption=NO_PROXY, proxyServerType=HTTP, username=, password=********, proxyServerAddress=, proxyServerPort=0, executionList=&quot;&quot;, isApplyToDesiredCapabilities=true }"/>
         <property name="platform" value="Windows 11"/>
      </properties>
      <testcase name="Test Cases/02 Test Case Proxima Centuri" time="9.438" classname="Test Cases/02 Test Case Proxima Centuri" status="PASSED">
         <system-out><![CDATA[2023-09-24 12:52:15 - [TEST_CASE][PASSED] - Test Cases/02 Test Case Proxima Centuri: Test Cases/02 Test Case Proxima Centuri

2023-09-24 12:52:15 - [TEST_STEP][PASSED] - openBrowser("https://www.google.com/"): Browser is opened with url: 'https://www.google.com/'

2023-09-24 12:52:15 - [MESSAGE][INFO] - Starting 'Chrome' driver

2023-09-24 12:52:15 - [MESSAGE][INFO] - Action delay is set to 0 milliseconds

2023-09-24 12:52:20 - [MESSAGE][PASSED] - Browser is opened with url: 'https://www.google.com/'

2023-09-24 12:52:20 - [TEST_STEP][PASSED] - sendKeys(findTestObject("Search Test Object"), "Proxima Centuri Wikipedia"): Keys 'Proxima Centuri Wikipedia' sent to object: 'Object Repository/Search Test Object'

2023-09-24 12:52:20 - [MESSAGE][PASSED] - Keys 'Proxima Centuri Wikipedia' sent to object: 'Object Repository/Search Test Object'

2023-09-24 12:52:20 - [TEST_STEP][PASSED] - sendKeys(findTestObject("Search Test Object"), Keys.chord(ENTER)): Keys 'ENTER + ' sent to object: 'Object Repository/Search Test Object'

2023-09-24 12:52:21 - [MESSAGE][PASSED] - Keys 'ENTER + ' sent to object: 'Object Repository/Search Test Object'

2023-09-24 12:52:21 - [TEST_STEP][PASSED] - click(findTestObject("Sun Test Object")): Object: 'Object Repository/Sun Test Object' is clicked on

2023-09-24 12:52:24 - [MESSAGE][PASSED] - Object: 'Object Repository/Sun Test Object' is clicked on

2023-09-24 12:52:24 - [TEST_STEP][PASSED] - closeBrowser(): Browser is closed

2023-09-24 12:52:24 - [MESSAGE][PASSED] - Browser is closed]]></system-out>
         <system-err><![CDATA[]]></system-err>
      </testcase>
      <system-out><![CDATA[2023-09-24 12:52:15 - [TEST_SUITE][PASSED] - Test Suite 2: Test Cases/02 Test Case Proxima Centuri]]></system-out>
      <system-err><![CDATA[]]></system-err>
   </testsuite>
</testsuites>
